0 info it worked if it ends with ok
1 verbose cli [ '/usr/local/Cellar/node/0.10.25/bin/node',
1 verbose cli   '/usr/local/bin/npm',
1 verbose cli   'install' ]
2 info using npm@1.3.24
3 info using node@v0.10.25
4 error install Couldn't read dependencies
5 error Failed to parse json
5 error Unexpected string
6 error File: /Users/rogueleaderr/programming/training/technical_assessments/toptal/thinkster-django-angular-boilerplate/package.json
7 error Failed to parse package.json data.
7 error package.json must be actual JSON, not just JavaScript.
7 error
7 error This is not a bug in npm.
7 error Tell the package author to fix their package.json file. JSON.parse
8 error System Darwin 14.3.0
9 error command "/usr/local/Cellar/node/0.10.25/bin/node" "/usr/local/bin/npm" "install"
10 error cwd /Users/rogueleaderr/programming/training/technical_assessments/toptal/thinkster-django-angular-boilerplate
11 error node -v v0.10.25
12 error npm -v 1.3.24
13 error file /Users/rogueleaderr/programming/training/technical_assessments/toptal/thinkster-django-angular-boilerplate/package.json
14 error code EJSONPARSE
15 verbose exit [ 1, true ]
